WARN	2024-01-29 16:53:09,169	0	org.example.Service.Main	[main]	Currently searching for 4 in the following entry: Journal entry created on 2024-01-29 16:53:08.968.
Journal entry content: This is an entry #1.
=============================================================
WARN	2024-01-29 16:53:09,170	1	org.example.Service.Main	[main]	Currently searching for 4 in the following entry: Journal entry created on 2024-01-29 16:53:08.97.
Journal entry content: This is an entry #2.
=============================================================
WARN	2024-01-29 16:53:09,170	1	org.example.Service.Main	[main]	Currently searching for 4 in the following entry: Journal entry created on 2024-01-29 16:53:08.97.
Journal entry content: This is an entry #3.
=============================================================
WARN	2024-01-29 16:53:09,175	6	org.example.Service.Main	[main]	We are about to delete 0
WARN	2024-01-29 16:53:09,183	14	org.example.Service.Main	[main]	We are about to delete 0
WARN	2024-01-29 16:53:09,184	15	org.example.Service.Main	[main]	We are about to delete 2
WARN	2024-01-29 16:53:09,185	16	org.example.Service.Main	[main]	Currently searching for 2 in the following entry: Journal entry created on 2024-01-29 16:53:09.185.
Journal entry content: This is an entry #1.
=============================================================
WARN	2024-01-29 16:53:09,185	16	org.example.Service.Main	[main]	Currently searching for 2 in the following entry: Journal entry created on 2024-01-29 16:53:09.185.
Journal entry content: This is an entry #2.
=============================================================
WARN	2024-01-29 16:53:09,185	16	org.example.Service.Main	[main]	Currently searching for 2 in the following entry: Journal entry created on 2024-01-29 16:53:09.185.
Journal entry content: This is an entry #3.
=============================================================
WARN	2024-01-29 16:53:09,185	16	org.example.Service.Main	[main]	We are about to delete -1
WARN	2024-01-29 16:53:09,186	17	org.example.Service.Main	[main]	We are about to delete 3
WARN	2024-01-29 16:53:09,187	18	org.example.Service.Main	[main]	We are about to delete 0
WARN	2024-01-29 16:53:09,188	19	org.example.Service.Main	[main]	Currently searching for an in the following entry: Journal entry created on 2024-01-29 16:53:09.188.
Journal entry content: This is an entry #1.
=============================================================
WARN	2024-01-29 16:53:09,188	19	org.example.Service.Main	[main]	Currently searching for an in the following entry: Journal entry created on 2024-01-29 16:53:09.188.
Journal entry content: This is an entry #2.
=============================================================
WARN	2024-01-29 16:53:09,188	19	org.example.Service.Main	[main]	Currently searching for an in the following entry: Journal entry created on 2024-01-29 16:53:09.188.
Journal entry content: This is an entry #3.
=============================================================
WARN	2024-01-29 16:53:09,188	19	org.example.Service.Main	[main]	Currently searching for an in the following entry: Journal entry created on 2024-01-29 16:53:09.188.
Journal entry content: This is an entry #1.
=============================================================
WARN	2024-01-29 16:53:09,188	19	org.example.Service.Main	[main]	Currently searching for an in the following entry: Journal entry created on 2024-01-29 16:53:09.188.
Journal entry content: This is an entry #2.
=============================================================
WARN	2024-01-29 16:53:09,188	19	org.example.Service.Main	[main]	Currently searching for an in the following entry: Journal entry created on 2024-01-29 16:53:09.188.
Journal entry content: This is an entry #3.
=============================================================
WARN	2024-01-29 16:53:09,189	20	org.example.Service.Main	[main]	[Journal entry created on 2024-01-29 16:53:09.188.
Journal entry content: This is an entry #1.
=============================================================, Journal entry created on 2024-01-29 16:53:09.188.
Journal entry content: This is an entry #2.
=============================================================, Journal entry created on 2024-01-29 16:53:09.188.
Journal entry content: This is an entry #3.
=============================================================]
WARN	2024-01-29 16:53:09,189	20	org.example.Service.Main	[main]	Actual size of an array 3
